Arguments: 
  C:\Projects\emsdk\node\8.9.1_64bit\bin\node.exe C:\Program Files (x86)\Yarn\bin\yarn.js run build

PATH: 
  C:\Users\user\bin;C:\Program Files\Git\mingw64\bin;C:\Program Files\Git\usr\local\bin;C:\Program Files\Git\usr\bin;C:\Program Files\Git\usr\bin;C:\Program Files\Git\cmd;C:\ConEmuPack.161206\ConEmu\Scripts;C:\ConEmuPack.161206;C:\ConEmuPack.161206\ConEmu;C:\Program Files (x86)\Common Files\Oracle\Java\javapath;C:\Projects\emsdk;C:\Projects\emsdk\clang\e1.37.36_64bit;C:\Projects\emsdk\node\8.9.1_64bit\bin;C:\Projects\emsdk\python\2.7.13.1_64bit\python-2.7.13.amd64;C:\Projects\emsdk\java\8.152_64bit\bin;C:\Projects\emsdk\emscripten\1.37.36;C:\Python27;C:\Python27\Scripts;C:\Windows\system32;C:\Windows;C:\Windows\System32\Wbem;C:\Windows\System32\WindowsPowerShell\v1.0;C:\Program Files\Git\cmd;C:\Program Files\nodejs;C:\Program Files (x86)\Yarn\bin;C:\Users\user\AppData\Local\Microsoft\WindowsApps;C:\Users\user\AppData\Roaming\npm;C:\Program Files\Sublime Text 3;C:\Program Files (x86)\php-7.2.3-nts-Win32-VC15-x64;C:\Users\user\AppData\Local\Yarn\bin;C:\Users\user\AppData\Local\GitHubDesktop\bin;C:\adb;C:\Program Files\PuTTY;C:\WINDOWS\system32;C:\WINDOWS;C:\WINDOWS\System32\Wbem;C:\WINDOWS\System32\WindowsPowerShell\v1.0;C:\WINDOWS\System32\OpenSSH;C:\Program Files (x86)\NVIDIA Corporation\PhysX\Common;C:\Users\user\AppData\Local\Programs\Python\Python37-32\Scripts;C:\Users\user\AppData\Local\Programs\Python\Python37-32;C:\Users\user\AppData\Local\Microsoft\WindowsApps;C:\Users\user\AppData\Roaming\npm;C:\Program Files\Sublime Text 3;C:\Program Files (x86)\php-7.2.3-nts-Win32-VC15-x64;C:\Users\user\AppData\Local\Yarn\bin;C:\Users\user\AppData\Local\GitHubDesktop\bin;C:\Users\user\AppData\Local\Microsoft\WindowsApps;C:\Users\user\AppData\Local\Programs\Microsoft VS Code\bin;C:\Program Files\Git\usr\bin\vendor_perl;C:\Program Files\Git\usr\bin\core_perl

Yarn version: 
  1.5.1

Node version: 
  8.9.1

Platform: 
  win32 x64

npm manifest: 
  {
    "name": "three",
    "version": "0.100.0",
    "description": "JavaScript 3D library",
    "main": "build/three.js",
    "repository": "mrdoob/three.js",
    "jsnext:main": "build/three.module.js",
    "module": "build/three.module.js",
    "files": [
      "package.json",
      "LICENSE",
      "README.md",
      "build/three.js",
      "build/three.min.js",
      "build/three.module.js",
      "src",
      "examples/js",
      "examples/fonts"
    ],
    "directories": {
      "doc": "docs",
      "example": "examples",
      "test": "test"
    },
    "eslintConfig": {
      "extends": "mdcs",
      "plugins": [
        "html"
      ]
    },
    "scripts": {
      "build": "rollup -c",
      "build-test": "rollup -c test/rollup.unit.config.js",
      "build-closure": "rollup -c && java -jar node_modules/google-closure-compiler-java/compiler.jar --warning_level=VERBOSE --jscomp_off=globalThis --jscomp_off=checkTypes --externs utils/build/externs.js --language_in=ECMASCRIPT5_STRICT --js build/three.js --js_output_file build/three.min.js",
      "build-examples": "rollup -c rollup-examples.config.js",
      "dev": "concurrently --names \"ROLLUP,HTTP\" -c \"bgBlue.bold,bgGreen.bold\" \"rollup -c -w -m inline\" \"http-server -c-1 -p 8080\"",
      "dev-test": "concurrently --names \"ROLLUP,ROLLUPTEST,HTTP\" -c \"bgBlue.bold,bgRed.bold,bgGreen.bold\" \"rollup -c -w -m inline\" \"rollup -c test/rollup.unit.config.js -w -m inline\" \"http-server -p 8080\"",
      "start": "npm run dev",
      "lint": "eslint src",
      "test": "npm run build-test && qunit test/unit/three.source.unit.js",
      "travis": "npm run lint && npm test",
      "editor": "electron ./editor/main.js"
    },
    "keywords": [
      "three",
      "three.js",
      "3d",
      "webgl"
    ],
    "author": "mrdoob",
    "license": "MIT",
    "bugs": {
      "url": "https://github.com/mrdoob/three.js/issues"
    },
    "homepage": "https://threejs.org/",
    "devDependencies": {
      "concurrently": "^4.1.0",
      "electron": "^4.0.0",
      "eslint": "^5.11.1",
      "eslint-config-mdcs": "^4.2.3",
      "eslint-plugin-html": "^5.0.0",
      "google-closure-compiler": "20181210.0.0",
      "http-server": "^0.11.1",
      "qunit": "^2.8.0",
      "rollup": "^1.0.0"
    },
    "jspm": {
      "files": [
        "package.json",
        "LICENSE",
        "README.md",
        "build/three.js",
        "build/three.min.js",
        "build/three.module.js"
      ],
      "directories": {}
    }
  }

yarn manifest: 
  No manifest

Lockfile: 
  No lockfile

Trace: 
  Error: Command failed.
  Exit code: 1
  Command: C:\WINDOWS\system32\cmd.exe
  Arguments: /d /s /c rollup -c
  Directory: C:\Projects\emitter\node_modules\three.js
  Output:
  
      at ProcessTermError.MessageError (C:\Program Files (x86)\Yarn\lib\cli.js:186:110)
      at new ProcessTermError (C:\Program Files (x86)\Yarn\lib\cli.js:226:113)
      at ChildProcess.<anonymous> (C:\Program Files (x86)\Yarn\lib\cli.js:30281:17)
      at emitTwo (events.js:126:13)
      at ChildProcess.emit (events.js:214:7)
      at maybeClose (internal/child_process.js:925:16)
      at Process.ChildProcess._handle.onexit (internal/child_process.js:209:5)
